# JRE version: Java(TM) SE Runtime Environment (8.0_191-b12) (build 1.8.0_191-b12)
# Java VM: Java HotSpot(TM) Client VM (25.191-b12 mixed mode windows-x86 )
Heap:
 def new generation   total 73920K, used 3529K [0x04e00000, 0x09e30000, 0x0f8a0000)
  eden space 65728K,   5% used [0x04e00000, 0x0514ed80, 0x08e30000)
  from space 8192K,   1% used [0x08e30000, 0x08e539e8, 0x09630000)
  to   space 8192K,   0% used [0x09630000, 0x09630000, 0x09e30000)
 tenured generation   total 164148K, used 100390K [0x0f8a0000, 0x198ed000, 0x24e00000)
   the space 164148K,  61% used [0x0f8a0000, 0x15aa99d0, 0x15aa9a00, 0x198ed000)
 Metaspace       used 21023K, capacity 21620K, committed 21632K, reserved 21888K
GC Heap History (10 events):
Event: 60778.486 GC heap before
{Heap before GC invocations=74 (full 3):
 def new generation   total 73920K, used 65901K [0x04e00000, 0x09e30000, 0x0f8a0000)
  eden space 65728K, 100% used [0x04e00000, 0x08e30000, 0x08e30000)
  from space 8192K,   2% used [0x09630000, 0x0965b790, 0x09e30000)
  to   space 8192K,   0% used [0x08e30000, 0x08e30000, 0x09630000)
 tenured generation   total 164148K, used 100390K [0x0f8a0000, 0x198ed000, 0x24e00000)
   the space 164148K,  61% used [0x0f8a0000, 0x15aa99d0, 0x15aa9a00, 0x198ed000)
 Metaspace       used 21023K, capacity 21620K, committed 21632K, reserved 21888K
Event: 60778.490 GC heap after
Heap after GC invocations=75 (full 3):
 def new generation   total 73920K, used 145K [0x04e00000, 0x09e30000, 0x0f8a0000)
  eden space 65728K,   0% used [0x04e00000, 0x04e00000, 0x08e30000)
  from space 8192K,   1% used [0x08e30000, 0x08e547d8, 0x09630000)
  to   space 8192K,   0% used [0x09630000, 0x09630000, 0x09e30000)
 tenured generation   total 164148K, used 100390K [0x0f8a0000, 0x198ed000, 0x24e00000)
   the space 164148K,  61% used [0x0f8a0000, 0x15aa99d0, 0x15aa9a00, 0x198ed000)
 Metaspace       used 21023K, capacity 21620K, committed 21632K, reserved 21888K
}
Event: 61533.823 GC heap before
{Heap before GC invocations=75 (full 3):
 def new generation   total 73920K, used 65873K [0x04e00000, 0x09e30000, 0x0f8a0000)
  eden space 65728K, 100% used [0x04e00000, 0x08e30000, 0x08e30000)
  from space 8192K,   1% used [0x08e30000, 0x08e547d8, 0x09630000)
  to   space 8192K,   0% used [0x09630000, 0x09630000, 0x09e30000)
 tenured generation   total 164148K, used 100390K [0x0f8a0000, 0x198ed000, 0x24e00000)
   the space 164148K,  61% used [0x0f8a0000, 0x15aa99d0, 0x15aa9a00, 0x198ed000)
 Metaspace       used 21023K, capacity 21620K, committed 21632K, reserved 21888K
Event: 61533.826 GC heap after
Heap after GC invocations=76 (full 3):
 def new generation   total 73920K, used 159K [0x04e00000, 0x09e30000, 0x0f8a0000)
  eden space 65728K,   0% used [0x04e00000, 0x04e00000, 0x08e30000)
  from space 8192K,   1% used [0x09630000, 0x09657d70, 0x09e30000)
  to   space 8192K,   0% used [0x08e30000, 0x08e30000, 0x09630000)
 tenured generation   total 164148K, used 100390K [0x0f8a0000, 0x198ed000, 0x24e00000)
   the space 164148K,  61% used [0x0f8a0000, 0x15aa99d0, 0x15aa9a00, 0x198ed000)
 Metaspace       used 21023K, capacity 21620K, committed 21632K, reserved 21888K
}
Event: 62369.499 GC heap before
{Heap before GC invocations=76 (full 3):
 def new generation   total 73920K, used 65887K [0x04e00000, 0x09e30000, 0x0f8a0000)
  eden space 65728K, 100% used [0x04e00000, 0x08e30000, 0x08e30000)
  from space 8192K,   1% used [0x09630000, 0x09657d70, 0x09e30000)
  to   space 8192K,   0% used [0x08e30000, 0x08e30000, 0x09630000)
 tenured generation   total 164148K, used 100390K [0x0f8a0000, 0x198ed000, 0x24e00000)
   the space 164148K,  61% used [0x0f8a0000, 0x15aa99d0, 0x15aa9a00, 0x198ed000)
 Metaspace       used 21023K, capacity 21620K, committed 21632K, reserved 21888K
Event: 62369.500 GC heap after
Heap after GC invocations=77 (full 3):
 def new generation   total 73920K, used 185K [0x04e00000, 0x09e30000, 0x0f8a0000)
  eden space 65728K,   0% used [0x04e00000, 0x04e00000, 0x08e30000)
  from space 8192K,   2% used [0x08e30000, 0x08e5e728, 0x09630000)
  to   space 8192K,   0% used [0x09630000, 0x09630000, 0x09e30000)
 tenured generation   total 164148K, used 100390K [0x0f8a0000, 0x198ed000, 0x24e00000)
   the space 164148K,  61% used [0x0f8a0000, 0x15aa99d0, 0x15aa9a00, 0x198ed000)
 Metaspace       used 21023K, capacity 21620K, committed 21632K, reserved 21888K
}
Event: 63991.970 GC heap before
{Heap before GC invocations=77 (full 3):
 def new generation   total 73920K, used 65913K [0x04e00000, 0x09e30000, 0x0f8a0000)
  eden space 65728K, 100% used [0x04e00000, 0x08e30000, 0x08e30000)
  from space 8192K,   2% used [0x08e30000, 0x08e5e728, 0x09630000)
  to   space 8192K,   0% used [0x09630000, 0x09630000, 0x09e30000)
 tenured generation   total 164148K, used 100390K [0x0f8a0000, 0x198ed000, 0x24e00000)
   the space 164148K,  61% used [0x0f8a0000, 0x15aa99d0, 0x15aa9a00, 0x198ed000)
 Metaspace       used 21023K, capacity 21620K, committed 21632K, reserved 21888K
Event: 63991.974 GC heap after
Heap after GC invocations=78 (full 3):
 def new generation   total 73920K, used 186K [0x04e00000, 0x09e30000, 0x0f8a0000)
  eden space 65728K,   0% used [0x04e00000, 0x04e00000, 0x08e30000)
  from space 8192K,   2% used [0x09630000, 0x0965eb18, 0x09e30000)
  to   space 8192K,   0% used [0x08e30000, 0x08e30000, 0x09630000)
 tenured generation   total 164148K, used 100390K [0x0f8a0000, 0x198ed000, 0x24e00000)
   the space 164148K,  61% used [0x0f8a0000, 0x15aa99d0, 0x15aa9a00, 0x198ed000)
 Metaspace       used 21023K, capacity 21620K, committed 21632K, reserved 21888K
}
Event: 65150.640 GC heap before
{Heap before GC invocations=78 (full 3):
 def new generation   total 73920K, used 65914K [0x04e00000, 0x09e30000, 0x0f8a0000)
  eden space 65728K, 100% used [0x04e00000, 0x08e30000, 0x08e30000)
  from space 8192K,   2% used [0x09630000, 0x0965eb18, 0x09e30000)
  to   space 8192K,   0% used [0x08e30000, 0x08e30000, 0x09630000)
 tenured generation   total 164148K, used 100390K [0x0f8a0000, 0x198ed000, 0x24e00000)
   the space 164148K,  61% used [0x0f8a0000, 0x15aa99d0, 0x15aa9a00, 0x198ed000)
 Metaspace       used 21023K, capacity 21620K, committed 21632K, reserved 21888K
Event: 65150.644 GC heap after
Heap after GC invocations=79 (full 3):
 def new generation   total 73920K, used 142K [0x04e00000, 0x09e30000, 0x0f8a0000)
  eden space 65728K,   0% used [0x04e00000, 0x04e00000, 0x08e30000)
  from space 8192K,   1% used [0x08e30000, 0x08e539e8, 0x09630000)
  to   space 8192K,   0% used [0x09630000, 0x09630000, 0x09e30000)
 tenured generation   total 164148K, used 100390K [0x0f8a0000, 0x198ed000, 0x24e00000)
   the space 164148K,  61% used [0x0f8a0000, 0x15aa99d0, 0x15aa9a00, 0x198ed000)
 Metaspace       used 21023K, capacity 21620K, committed 21632K, reserved 21888K
}

