# JRE version: Java(TM) SE Runtime Environment (8.0_191-b12) (build 1.8.0_191-b12)
# Java VM: Java HotSpot(TM) Client VM (25.191-b12 mixed mode windows-x86 )
Heap:
 def new generation   total 81856K, used 56475K [0x04a00000, 0x0a2d0000, 0x0f4a0000)
  eden space 72768K,  77% used [0x04a00000, 0x080d7408, 0x09110000)
  from space 9088K,   3% used [0x09110000, 0x0915fa50, 0x099f0000)
  to   space 9088K,   0% used [0x099f0000, 0x099f0000, 0x0a2d0000)
 tenured generation   total 181744K, used 109369K [0x0f4a0000, 0x1a61c000, 0x24a00000)
   the space 181744K,  60% used [0x0f4a0000, 0x15f6e668, 0x15f6e800, 0x1a61c000)
 Metaspace       used 21052K, capacity 21684K, committed 21760K, reserved 21888K
GC Heap History (10 events):
Event: 59998.904 GC heap before
{Heap before GC invocations=69 (full 3):
 def new generation   total 81856K, used 72905K [0x04a00000, 0x0a2d0000, 0x0f4a0000)
  eden space 72768K, 100% used [0x04a00000, 0x09110000, 0x09110000)
  from space 9088K,   1% used [0x099f0000, 0x09a125b8, 0x0a2d0000)
  to   space 9088K,   0% used [0x09110000, 0x09110000, 0x099f0000)
 tenured generation   total 181744K, used 109359K [0x0f4a0000, 0x1a61c000, 0x24a00000)
   the space 181744K,  60% used [0x0f4a0000, 0x15f6be60, 0x15f6c000, 0x1a61c000)
 Metaspace       used 21052K, capacity 21684K, committed 21760K, reserved 21888K
Event: 59998.908 GC heap after
Heap after GC invocations=70 (full 3):
 def new generation   total 81856K, used 161K [0x04a00000, 0x0a2d0000, 0x0f4a0000)
  eden space 72768K,   0% used [0x04a00000, 0x04a00000, 0x09110000)
  from space 9088K,   1% used [0x09110000, 0x091385c8, 0x099f0000)
  to   space 9088K,   0% used [0x099f0000, 0x099f0000, 0x0a2d0000)
 tenured generation   total 181744K, used 109364K [0x0f4a0000, 0x1a61c000, 0x24a00000)
   the space 181744K,  60% used [0x0f4a0000, 0x15f6d0d8, 0x15f6d200, 0x1a61c000)
 Metaspace       used 21052K, capacity 21684K, committed 21760K, reserved 21888K
}
Event: 60342.555 GC heap before
{Heap before GC invocations=70 (full 3):
 def new generation   total 81856K, used 72929K [0x04a00000, 0x0a2d0000, 0x0f4a0000)
  eden space 72768K, 100% used [0x04a00000, 0x09110000, 0x09110000)
  from space 9088K,   1% used [0x09110000, 0x091385c8, 0x099f0000)
  to   space 9088K,   0% used [0x099f0000, 0x099f0000, 0x0a2d0000)
 tenured generation   total 181744K, used 109364K [0x0f4a0000, 0x1a61c000, 0x24a00000)
   the space 181744K,  60% used [0x0f4a0000, 0x15f6d0d8, 0x15f6d200, 0x1a61c000)
 Metaspace       used 21052K, capacity 21684K, committed 21760K, reserved 21888K
Event: 60342.556 GC heap after
Heap after GC invocations=71 (full 3):
 def new generation   total 81856K, used 311K [0x04a00000, 0x0a2d0000, 0x0f4a0000)
  eden space 72768K,   0% used [0x04a00000, 0x04a00000, 0x09110000)
  from space 9088K,   3% used [0x099f0000, 0x09a3dd00, 0x0a2d0000)
  to   space 9088K,   0% used [0x09110000, 0x09110000, 0x099f0000)
 tenured generation   total 181744K, used 109366K [0x0f4a0000, 0x1a61c000, 0x24a00000)
   the space 181744K,  60% used [0x0f4a0000, 0x15f6d970, 0x15f6da00, 0x1a61c000)
 Metaspace       used 21052K, capacity 21684K, committed 21760K, reserved 21888K
}
Event: 61097.542 GC heap before
{Heap before GC invocations=71 (full 3):
 def new generation   total 81856K, used 73079K [0x04a00000, 0x0a2d0000, 0x0f4a0000)
  eden space 72768K, 100% used [0x04a00000, 0x09110000, 0x09110000)
  from space 9088K,   3% used [0x099f0000, 0x09a3dd00, 0x0a2d0000)
  to   space 9088K,   0% used [0x09110000, 0x09110000, 0x099f0000)
 tenured generation   total 181744K, used 109366K [0x0f4a0000, 0x1a61c000, 0x24a00000)
   the space 181744K,  60% used [0x0f4a0000, 0x15f6d970, 0x15f6da00, 0x1a61c000)
 Metaspace       used 21052K, capacity 21684K, committed 21760K, reserved 21888K
Event: 61097.543 GC heap after
Heap after GC invocations=72 (full 3):
 def new generation   total 81856K, used 386K [0x04a00000, 0x0a2d0000, 0x0f4a0000)
  eden space 72768K,   0% used [0x04a00000, 0x04a00000, 0x09110000)
  from space 9088K,   4% used [0x09110000, 0x09170928, 0x099f0000)
  to   space 9088K,   0% used [0x099f0000, 0x099f0000, 0x0a2d0000)
 tenured generation   total 181744K, used 109366K [0x0f4a0000, 0x1a61c000, 0x24a00000)
   the space 181744K,  60% used [0x0f4a0000, 0x15f6d970, 0x15f6da00, 0x1a61c000)
 Metaspace       used 21052K, capacity 21684K, committed 21760K, reserved 21888K
}
Event: 61947.300 GC heap before
{Heap before GC invocations=72 (full 3):
 def new generation   total 81856K, used 73154K [0x04a00000, 0x0a2d0000, 0x0f4a0000)
  eden space 72768K, 100% used [0x04a00000, 0x09110000, 0x09110000)
  from space 9088K,   4% used [0x09110000, 0x09170928, 0x099f0000)
  to   space 9088K,   0% used [0x099f0000, 0x099f0000, 0x0a2d0000)
 tenured generation   total 181744K, used 109366K [0x0f4a0000, 0x1a61c000, 0x24a00000)
   the space 181744K,  60% used [0x0f4a0000, 0x15f6d970, 0x15f6da00, 0x1a61c000)
 Metaspace       used 21052K, capacity 21684K, committed 21760K, reserved 21888K
Event: 61947.301 GC heap after
Heap after GC invocations=73 (full 3):
 def new generation   total 81856K, used 311K [0x04a00000, 0x0a2d0000, 0x0f4a0000)
  eden space 72768K,   0% used [0x04a00000, 0x04a00000, 0x09110000)
  from space 9088K,   3% used [0x099f0000, 0x09a3dfe0, 0x0a2d0000)
  to   space 9088K,   0% used [0x09110000, 0x09110000, 0x099f0000)
 tenured generation   total 181744K, used 109369K [0x0f4a0000, 0x1a61c000, 0x24a00000)
   the space 181744K,  60% used [0x0f4a0000, 0x15f6e668, 0x15f6e800, 0x1a61c000)
 Metaspace       used 21052K, capacity 21684K, committed 21760K, reserved 21888K
}
Event: 62831.345 GC heap before
{Heap before GC invocations=73 (full 3):
 def new generation   total 81856K, used 73079K [0x04a00000, 0x0a2d0000, 0x0f4a0000)
  eden space 72768K, 100% used [0x04a00000, 0x09110000, 0x09110000)
  from space 9088K,   3% used [0x099f0000, 0x09a3dfe0, 0x0a2d0000)
  to   space 9088K,   0% used [0x09110000, 0x09110000, 0x099f0000)
 tenured generation   total 181744K, used 109369K [0x0f4a0000, 0x1a61c000, 0x24a00000)
   the space 181744K,  60% used [0x0f4a0000, 0x15f6e668, 0x15f6e800, 0x1a61c000)
 Metaspace       used 21052K, capacity 21684K, committed 21760K, reserved 21888K
Event: 62831.347 GC heap after
Heap after GC invocations=74 (full 3):
 def new generation   total 81856K, used 318K [0x04a00000, 0x0a2d0000, 0x0f4a0000)
  eden space 72768K,   0% used [0x04a00000, 0x04a00000, 0x09110000)
  from space 9088K,   3% used [0x09110000, 0x0915fa50, 0x099f0000)
  to   space 9088K,   0% used [0x099f0000, 0x099f0000, 0x0a2d0000)
 tenured generation   total 181744K, used 109369K [0x0f4a0000, 0x1a61c000, 0x24a00000)
   the space 181744K,  60% used [0x0f4a0000, 0x15f6e668, 0x15f6e800, 0x1a61c000)
 Metaspace       used 21052K, capacity 21684K, committed 21760K, reserved 21888K
}

