# JRE version: Java(TM) SE Runtime Environment (8.0_191-b12) (build 1.8.0_191-b12)
# Java VM: Java HotSpot(TM) Client VM (25.191-b12 mixed mode windows-x86 )
Heap:
 def new generation   total 72960K, used 54560K [0x05400000, 0x0a320000, 0x0fea0000)
  eden space 64896K,  83% used [0x05400000, 0x08932638, 0x09360000)
  from space 8064K,   1% used [0x09360000, 0x09375b20, 0x09b40000)
  to   space 8064K,   0% used [0x09b40000, 0x09b40000, 0x0a320000)
 tenured generation   total 161924K, used 100152K [0x0fea0000, 0x19cc1000, 0x25400000)
   the space 161924K,  61% used [0x0fea0000, 0x1606e330, 0x1606e400, 0x19cc1000)
 Metaspace       used 21042K, capacity 21652K, committed 21760K, reserved 21888K
GC Heap History (10 events):
Event: 61863.164 GC heap before
{Heap before GC invocations=86 (full 3):
 def new generation   total 72960K, used 64940K [0x05400000, 0x0a320000, 0x0fea0000)
  eden space 64896K, 100% used [0x05400000, 0x09360000, 0x09360000)
  from space 8064K,   0% used [0x09b40000, 0x09b4b3f8, 0x0a320000)
  to   space 8064K,   0% used [0x09360000, 0x09360000, 0x09b40000)
 tenured generation   total 161924K, used 100152K [0x0fea0000, 0x19cc1000, 0x25400000)
   the space 161924K,  61% used [0x0fea0000, 0x1606e330, 0x1606e400, 0x19cc1000)
 Metaspace       used 21042K, capacity 21652K, committed 21760K, reserved 21888K
Event: 61863.166 GC heap after
Heap after GC invocations=87 (full 3):
 def new generation   total 72960K, used 49K [0x05400000, 0x0a320000, 0x0fea0000)
  eden space 64896K,   0% used [0x05400000, 0x05400000, 0x09360000)
  from space 8064K,   0% used [0x09360000, 0x0936c6e8, 0x09b40000)
  to   space 8064K,   0% used [0x09b40000, 0x09b40000, 0x0a320000)
 tenured generation   total 161924K, used 100152K [0x0fea0000, 0x19cc1000, 0x25400000)
   the space 161924K,  61% used [0x0fea0000, 0x1606e330, 0x1606e400, 0x19cc1000)
 Metaspace       used 21042K, capacity 21652K, committed 21760K, reserved 21888K
}
Event: 62734.245 GC heap before
{Heap before GC invocations=87 (full 3):
 def new generation   total 72960K, used 64945K [0x05400000, 0x0a320000, 0x0fea0000)
  eden space 64896K, 100% used [0x05400000, 0x09360000, 0x09360000)
  from space 8064K,   0% used [0x09360000, 0x0936c6e8, 0x09b40000)
  to   space 8064K,   0% used [0x09b40000, 0x09b40000, 0x0a320000)
 tenured generation   total 161924K, used 100152K [0x0fea0000, 0x19cc1000, 0x25400000)
   the space 161924K,  61% used [0x0fea0000, 0x1606e330, 0x1606e400, 0x19cc1000)
 Metaspace       used 21042K, capacity 21652K, committed 21760K, reserved 21888K
Event: 62734.246 GC heap after
Heap after GC invocations=88 (full 3):
 def new generation   total 72960K, used 101K [0x05400000, 0x0a320000, 0x0fea0000)
  eden space 64896K,   0% used [0x05400000, 0x05400000, 0x09360000)
  from space 8064K,   1% used [0x09b40000, 0x09b595e0, 0x0a320000)
  to   space 8064K,   0% used [0x09360000, 0x09360000, 0x09b40000)
 tenured generation   total 161924K, used 100152K [0x0fea0000, 0x19cc1000, 0x25400000)
   the space 161924K,  61% used [0x0fea0000, 0x1606e330, 0x1606e400, 0x19cc1000)
 Metaspace       used 21042K, capacity 21652K, committed 21760K, reserved 21888K
}
Event: 63571.446 GC heap before
{Heap before GC invocations=88 (full 3):
 def new generation   total 72960K, used 64997K [0x05400000, 0x0a320000, 0x0fea0000)
  eden space 64896K, 100% used [0x05400000, 0x09360000, 0x09360000)
  from space 8064K,   1% used [0x09b40000, 0x09b595e0, 0x0a320000)
  to   space 8064K,   0% used [0x09360000, 0x09360000, 0x09b40000)
 tenured generation   total 161924K, used 100152K [0x0fea0000, 0x19cc1000, 0x25400000)
   the space 161924K,  61% used [0x0fea0000, 0x1606e330, 0x1606e400, 0x19cc1000)
 Metaspace       used 21042K, capacity 21652K, committed 21760K, reserved 21888K
Event: 63571.447 GC heap after
Heap after GC invocations=89 (full 3):
 def new generation   total 72960K, used 90K [0x05400000, 0x0a320000, 0x0fea0000)
  eden space 64896K,   0% used [0x05400000, 0x05400000, 0x09360000)
  from space 8064K,   1% used [0x09360000, 0x09376810, 0x09b40000)
  to   space 8064K,   0% used [0x09b40000, 0x09b40000, 0x0a320000)
 tenured generation   total 161924K, used 100152K [0x0fea0000, 0x19cc1000, 0x25400000)
   the space 161924K,  61% used [0x0fea0000, 0x1606e330, 0x1606e400, 0x19cc1000)
 Metaspace       used 21042K, capacity 21652K, committed 21760K, reserved 21888K
}
Event: 64341.302 GC heap before
{Heap before GC invocations=89 (full 3):
 def new generation   total 72960K, used 64986K [0x05400000, 0x0a320000, 0x0fea0000)
  eden space 64896K, 100% used [0x05400000, 0x09360000, 0x09360000)
  from space 8064K,   1% used [0x09360000, 0x09376810, 0x09b40000)
  to   space 8064K,   0% used [0x09b40000, 0x09b40000, 0x0a320000)
 tenured generation   total 161924K, used 100152K [0x0fea0000, 0x19cc1000, 0x25400000)
   the space 161924K,  61% used [0x0fea0000, 0x1606e330, 0x1606e400, 0x19cc1000)
 Metaspace       used 21042K, capacity 21652K, committed 21760K, reserved 21888K
Event: 64341.306 GC heap after
Heap after GC invocations=90 (full 3):
 def new generation   total 72960K, used 97K [0x05400000, 0x0a320000, 0x0fea0000)
  eden space 64896K,   0% used [0x05400000, 0x05400000, 0x09360000)
  from space 8064K,   1% used [0x09b40000, 0x09b58530, 0x0a320000)
  to   space 8064K,   0% used [0x09360000, 0x09360000, 0x09b40000)
 tenured generation   total 161924K, used 100152K [0x0fea0000, 0x19cc1000, 0x25400000)
   the space 161924K,  61% used [0x0fea0000, 0x1606e330, 0x1606e400, 0x19cc1000)
 Metaspace       used 21042K, capacity 21652K, committed 21760K, reserved 21888K
}
Event: 65169.354 GC heap before
{Heap before GC invocations=90 (full 3):
 def new generation   total 72960K, used 64993K [0x05400000, 0x0a320000, 0x0fea0000)
  eden space 64896K, 100% used [0x05400000, 0x09360000, 0x09360000)
  from space 8064K,   1% used [0x09b40000, 0x09b58530, 0x0a320000)
  to   space 8064K,   0% used [0x09360000, 0x09360000, 0x09b40000)
 tenured generation   total 161924K, used 100152K [0x0fea0000, 0x19cc1000, 0x25400000)
   the space 161924K,  61% used [0x0fea0000, 0x1606e330, 0x1606e400, 0x19cc1000)
 Metaspace       used 21042K, capacity 21652K, committed 21760K, reserved 21888K
Event: 65169.357 GC heap after
Heap after GC invocations=91 (full 3):
 def new generation   total 72960K, used 86K [0x05400000, 0x0a320000, 0x0fea0000)
  eden space 64896K,   0% used [0x05400000, 0x05400000, 0x09360000)
  from space 8064K,   1% used [0x09360000, 0x09375b20, 0x09b40000)
  to   space 8064K,   0% used [0x09b40000, 0x09b40000, 0x0a320000)
 tenured generation   total 161924K, used 100152K [0x0fea0000, 0x19cc1000, 0x25400000)
   the space 161924K,  61% used [0x0fea0000, 0x1606e330, 0x1606e400, 0x19cc1000)
 Metaspace       used 21042K, capacity 21652K, committed 21760K, reserved 21888K
}

